<?xml version="1.0" encoding="UTF-8"?>
<!-- Generated by org.testng.reporters.JUnitXMLReporter -->
<testsuite ignored="0" hostname="LAPTOP-57KCRB7N" failures="1" tests="1" name="Default test" time="0.482" errors="0" timestamp="2026-04-16T23:07:37 IST">
  <testcase classname="io.cucumber.testng.AbstractTestNGCucumberTests" name="runScenario" time="0.177">
    <failure type="io.cucumber.testng.UndefinedStepException" message="The step &amp;apos;click the hotel module&amp;apos; and 11 other step(s) are undefined.
You can implement these steps using the snippet(s) below:

@Given(&amp;quot;click the hotel module&amp;quot;)
public void click_the_hotel_module() {
    // Write code here that turns the phrase above into concrete actions
    throw new io.cucumber.java.PendingException();
}
@When(&amp;quot;click the search destination field and enter the destination {string}&amp;quot;)
public void click_the_search_destination_field_and_enter_the_destination(String string) {
    // Write code here that turns the phrase above into concrete actions
    throw new io.cucumber.java.PendingException();
}
@When(&amp;quot;select check-in date after {int} days and check-out date after {int} days&amp;quot;)
public void select_check_in_date_after_days_and_check_out_date_after_days(Integer int1, Integer int2) {
    // Write code here that turns the phrase above into concrete actions
    throw new io.cucumber.java.PendingException();
}
@When(&amp;quot;select {string} and {string}&amp;quot;)
public void select_and(String string, String string2) {
    // Write code here that turns the phrase above into concrete actions
    throw new io.cucumber.java.PendingException();
}
@When(&amp;quot;click the search button&amp;quot;)
public void click_the_search_button() {
    // Write code here that turns the phrase above into concrete actions
    throw new io.cucumber.java.PendingException();
}
@When(&amp;quot;click the first hotel from the search results&amp;quot;)
public void click_the_first_hotel_from_the_search_results() {
    // Write code here that turns the phrase above into concrete actions
    throw new io.cucumber.java.PendingException();
}
@When(&amp;quot;verify hotel details like name, amenities, photos and rooms&amp;quot;)
public void verify_hotel_details_like_name_amenities_photos_and_rooms() {
    // Write code here that turns the phrase above into concrete actions
    throw new io.cucumber.java.PendingException();
}
@When(&amp;quot;select {string} and click on reserve rooms&amp;quot;)
public void select_and_click_on_reserve_rooms(String string) {
    // Write code here that turns the phrase above into concrete actions
    throw new io.cucumber.java.PendingException();
}
@When(&amp;quot;enter with valid credentials {string} and {string}&amp;quot;)
public void enter_with_valid_credentials_and(String string, String string2) {
    // Write code here that turns the phrase above into concrete actions
    throw new io.cucumber.java.PendingException();
}
@Then(&amp;quot;verify booking details page&amp;quot;)
public void verify_booking_details_page() {
    // Write code here that turns the phrase above into concrete actions
    throw new io.cucumber.java.PendingException();
}
@Then(&amp;quot;verify hotel name, room type, check-in and check-out dates&amp;quot;)
public void verify_hotel_name_room_type_check_in_and_check_out_dates() {
    // Write code here that turns the phrase above into concrete actions
    throw new io.cucumber.java.PendingException();
}
@Then(&amp;quot;verify total price details&amp;quot;)
public void verify_total_price_details() {
    // Write code here that turns the phrase above into concrete actions
    throw new io.cucumber.java.PendingException();
}
">
      <![CDATA[io.cucumber.testng.UndefinedStepException: The step 'click the hotel module' and 11 other step(s) are undefined.
You can implement these steps using the snippet(s) below:

@Given("click the hotel module")
public void click_the_hotel_module() {
    // Write code here that turns the phrase above into concrete actions
    throw new io.cucumber.java.PendingException();
}
@When("click the search destination field and enter the destination {string}")
public void click_the_search_destination_field_and_enter_the_destination(String string) {
    // Write code here that turns the phrase above into concrete actions
    throw new io.cucumber.java.PendingException();
}
@When("select check-in date after {int} days and check-out date after {int} days")
public void select_check_in_date_after_days_and_check_out_date_after_days(Integer int1, Integer int2) {
    // Write code here that turns the phrase above into concrete actions
    throw new io.cucumber.java.PendingException();
}
@When("select {string} and {string}")
public void select_and(String string, String string2) {
    // Write code here that turns the phrase above into concrete actions
    throw new io.cucumber.java.PendingException();
}
@When("click the search button")
public void click_the_search_button() {
    // Write code here that turns the phrase above into concrete actions
    throw new io.cucumber.java.PendingException();
}
@When("click the first hotel from the search results")
public void click_the_first_hotel_from_the_search_results() {
    // Write code here that turns the phrase above into concrete actions
    throw new io.cucumber.java.PendingException();
}
@When("verify hotel details like name, amenities, photos and rooms")
public void verify_hotel_details_like_name_amenities_photos_and_rooms() {
    // Write code here that turns the phrase above into concrete actions
    throw new io.cucumber.java.PendingException();
}
@When("select {string} and click on reserve rooms")
public void select_and_click_on_reserve_rooms(String string) {
    // Write code here that turns the phrase above into concrete actions
    throw new io.cucumber.java.PendingException();
}
@When("enter with valid credentials {string} and {string}")
public void enter_with_valid_credentials_and(String string, String string2) {
    // Write code here that turns the phrase above into concrete actions
    throw new io.cucumber.java.PendingException();
}
@Then("verify booking details page")
public void verify_booking_details_page() {
    // Write code here that turns the phrase above into concrete actions
    throw new io.cucumber.java.PendingException();
}
@Then("verify hotel name, room type, check-in and check-out dates")
public void verify_hotel_name_room_type_check_in_and_check_out_dates() {
    // Write code here that turns the phrase above into concrete actions
    throw new io.cucumber.java.PendingException();
}
@Then("verify total price details")
public void verify_total_price_details() {
    // Write code here that turns the phrase above into concrete actions
    throw new io.cucumber.java.PendingException();
}

at ✽.click the hotel module(file:///C:/Selenium_cg/SeleniumIxigo/./src/test/java/com/ixigo/featureFile/HotelBooking.feature:5)
]]>
    </failure>
  </testcase> <!-- runScenario -->
</testsuite> <!-- Default test -->
