<?xml version="1.0" encoding="UTF-8"?>
<testng-results ignored="0" total="1" passed="0" failed="1" skipped="0">
  <reporter-output>
  </reporter-output>
  <suite started-at="2026-04-16T23:07:36 IST" name="Default suite" finished-at="2026-04-16T23:07:37 IST" duration-ms="482">
    <groups>
      <group name="cucumber">
        <method signature="AbstractTestNGCucumberTests.runScenario(io.cucumber.testng.PickleWrapper,io.cucumber.testng.FeatureWrapper)[pri:0, instance:com.ixigo.testRunner.RunnerIO@3c19aaa5]" name="runScenario" class="io.cucumber.testng.AbstractTestNGCucumberTests"/>
      </group> <!-- cucumber -->
    </groups>
    <test started-at="2026-04-16T23:07:36 IST" name="Default test" finished-at="2026-04-16T23:07:37 IST" duration-ms="482">
      <class name="com.ixigo.testRunner.RunnerIO">
        <test-method is-config="true" signature="setUpClass(org.testng.ITestContext)[pri:0, instance:com.ixigo.testRunner.RunnerIO@3c19aaa5]" started-at="2026-04-16T23:07:36 IST" name="setUpClass" finished-at="2026-04-16T23:07:37 IST" duration-ms="246" status="PASS">
          <params>
            <param index="0">
              <value>
                <![CDATA[org.testng.TestRunner@1941a8ff]]>
              </value>
            </param>
          </params>
          <reporter-output>
          </reporter-output>
        </test-method> <!-- setUpClass -->
        <test-method signature="runScenario(io.cucumber.testng.PickleWrapper,io.cucumber.testng.FeatureWrapper)[pri:0, instance:com.ixigo.testRunner.RunnerIO@3c19aaa5]" started-at="2026-04-16T23:07:37 IST" name="runScenario" description="Runs Cucumber Scenarios" data-provider="scenarios" finished-at="2026-04-16T23:07:37 IST" duration-ms="177" status="FAIL">
          <params>
            <param index="0">
              <value>
                <![CDATA["To verify hotel search and booking flow"]]>
              </value>
            </param>
            <param index="1">
              <value>
                <![CDATA["Complete Hotel Booking Journey"]]>
              </value>
            </param>
          </params>
          <exception class="io.cucumber.testng.UndefinedStepException">
            <message>
              <![CDATA[The step 'click the hotel module' and 11 other step(s) are undefined.
You can implement these steps using the snippet(s) below:

@Given("click the hotel module")
public void click_the_hotel_module() {
    // Write code here that turns the phrase above into concrete actions
    throw new io.cucumber.java.PendingException();
}
@When("click the search destination field and enter the destination {string}")
public void click_the_search_destination_field_and_enter_the_destination(String string) {
    // Write code here that turns the phrase above into concrete actions
    throw new io.cucumber.java.PendingException();
}
@When("select check-in date after {int} days and check-out date after {int} days")
public void select_check_in_date_after_days_and_check_out_date_after_days(Integer int1, Integer int2) {
    // Write code here that turns the phrase above into concrete actions
    throw new io.cucumber.java.PendingException();
}
@When("select {string} and {string}")
public void select_and(String string, String string2) {
    // Write code here that turns the phrase above into concrete actions
    throw new io.cucumber.java.PendingException();
}
@When("click the search button")
public void click_the_search_button() {
    // Write code here that turns the phrase above into concrete actions
    throw new io.cucumber.java.PendingException();
}
@When("click the first hotel from the search results")
public void click_the_first_hotel_from_the_search_results() {
    // Write code here that turns the phrase above into concrete actions
    throw new io.cucumber.java.PendingException();
}
@When("verify hotel details like name, amenities, photos and rooms")
public void verify_hotel_details_like_name_amenities_photos_and_rooms() {
    // Write code here that turns the phrase above into concrete actions
    throw new io.cucumber.java.PendingException();
}
@When("select {string} and click on reserve rooms")
public void select_and_click_on_reserve_rooms(String string) {
    // Write code here that turns the phrase above into concrete actions
    throw new io.cucumber.java.PendingException();
}
@When("enter with valid credentials {string} and {string}")
public void enter_with_valid_credentials_and(String string, String string2) {
    // Write code here that turns the phrase above into concrete actions
    throw new io.cucumber.java.PendingException();
}
@Then("verify booking details page")
public void verify_booking_details_page() {
    // Write code here that turns the phrase above into concrete actions
    throw new io.cucumber.java.PendingException();
}
@Then("verify hotel name, room type, check-in and check-out dates")
public void verify_hotel_name_room_type_check_in_and_check_out_dates() {
    // Write code here that turns the phrase above into concrete actions
    throw new io.cucumber.java.PendingException();
}
@Then("verify total price details")
public void verify_total_price_details() {
    // Write code here that turns the phrase above into concrete actions
    throw new io.cucumber.java.PendingException();
}
]]>
            </message>
            <full-stacktrace>
              <![CDATA[io.cucumber.testng.UndefinedStepException: The step 'click the hotel module' and 11 other step(s) are undefined.
You can implement these steps using the snippet(s) below:

@Given("click the hotel module")
public void click_the_hotel_module() {
    // Write code here that turns the phrase above into concrete actions
    throw new io.cucumber.java.PendingException();
}
@When("click the search destination field and enter the destination {string}")
public void click_the_search_destination_field_and_enter_the_destination(String string) {
    // Write code here that turns the phrase above into concrete actions
    throw new io.cucumber.java.PendingException();
}
@When("select check-in date after {int} days and check-out date after {int} days")
public void select_check_in_date_after_days_and_check_out_date_after_days(Integer int1, Integer int2) {
    // Write code here that turns the phrase above into concrete actions
    throw new io.cucumber.java.PendingException();
}
@When("select {string} and {string}")
public void select_and(String string, String string2) {
    // Write code here that turns the phrase above into concrete actions
    throw new io.cucumber.java.PendingException();
}
@When("click the search button")
public void click_the_search_button() {
    // Write code here that turns the phrase above into concrete actions
    throw new io.cucumber.java.PendingException();
}
@When("click the first hotel from the search results")
public void click_the_first_hotel_from_the_search_results() {
    // Write code here that turns the phrase above into concrete actions
    throw new io.cucumber.java.PendingException();
}
@When("verify hotel details like name, amenities, photos and rooms")
public void verify_hotel_details_like_name_amenities_photos_and_rooms() {
    // Write code here that turns the phrase above into concrete actions
    throw new io.cucumber.java.PendingException();
}
@When("select {string} and click on reserve rooms")
public void select_and_click_on_reserve_rooms(String string) {
    // Write code here that turns the phrase above into concrete actions
    throw new io.cucumber.java.PendingException();
}
@When("enter with valid credentials {string} and {string}")
public void enter_with_valid_credentials_and(String string, String string2) {
    // Write code here that turns the phrase above into concrete actions
    throw new io.cucumber.java.PendingException();
}
@Then("verify booking details page")
public void verify_booking_details_page() {
    // Write code here that turns the phrase above into concrete actions
    throw new io.cucumber.java.PendingException();
}
@Then("verify hotel name, room type, check-in and check-out dates")
public void verify_hotel_name_room_type_check_in_and_check_out_dates() {
    // Write code here that turns the phrase above into concrete actions
    throw new io.cucumber.java.PendingException();
}
@Then("verify total price details")
public void verify_total_price_details() {
    // Write code here that turns the phrase above into concrete actions
    throw new io.cucumber.java.PendingException();
}

at ✽.click the hotel module(file:///C:/Selenium_cg/SeleniumIxigo/./src/test/java/com/ixigo/featureFile/HotelBooking.feature:5)
]]>
            </full-stacktrace>
          </exception> <!-- io.cucumber.testng.UndefinedStepException -->
          <reporter-output>
          </reporter-output>
        </test-method> <!-- runScenario -->
        <test-method is-config="true" signature="tearDownClass()[pri:0, instance:com.ixigo.testRunner.RunnerIO@3c19aaa5]" started-at="2026-04-16T23:07:37 IST" name="tearDownClass" finished-at="2026-04-16T23:07:37 IST" duration-ms="3" status="PASS">
          <reporter-output>
          </reporter-output>
        </test-method> <!-- tearDownClass -->
      </class> <!-- com.ixigo.testRunner.RunnerIO -->
    </test> <!-- Default test -->
  </suite> <!-- Default suite -->
</testng-results>
