<?xml version="1.0" encoding="UTF-8"?>
<testng-results ignored="0" total="1" passed="1" failed="0" skipped="0">
  <reporter-output>
  </reporter-output>
  <suite started-at="2026-04-16T22:13:04 IST" name="Default suite" finished-at="2026-04-16T22:13:29 IST" duration-ms="25111">
    <groups>
      <group name="cucumber">
        <method signature="AbstractTestNGCucumberTests.runScenario(io.cucumber.testng.PickleWrapper,io.cucumber.testng.FeatureWrapper)[pri:0, instance:TestRunner.FinalRunner@e4487af]" name="runScenario" class="io.cucumber.testng.AbstractTestNGCucumberTests"/>
      </group> <!-- cucumber -->
    </groups>
    <test started-at="2026-04-16T22:13:04 IST" name="Default test" finished-at="2026-04-16T22:13:29 IST" duration-ms="25111">
      <class name="TestRunner.FinalRunner">
        <test-method is-config="true" signature="setUpClass(org.testng.ITestContext)[pri:0, instance:TestRunner.FinalRunner@e4487af]" started-at="2026-04-16T22:13:04 IST" name="setUpClass" finished-at="2026-04-16T22:13:04 IST" duration-ms="276" status="PASS">
          <params>
            <param index="0">
              <value>
                <![CDATA[org.testng.TestRunner@226de93c]]>
              </value>
            </param>
          </params>
          <reporter-output>
          </reporter-output>
        </test-method> <!-- setUpClass -->
        <test-method signature="runScenario(io.cucumber.testng.PickleWrapper,io.cucumber.testng.FeatureWrapper)[pri:0, instance:TestRunner.FinalRunner@e4487af]" started-at="2026-04-16T22:13:04 IST" name="runScenario" description="Runs Cucumber Scenarios" data-provider="scenarios" finished-at="2026-04-16T22:13:29 IST" duration-ms="24781" status="PASS">
          <params>
            <param index="0">
              <value>
                <![CDATA["User searches and books a bus successfully"]]>
              </value>
            </param>
            <param index="1">
              <value>
                <![CDATA["Bus booking in ixigo"]]>
              </value>
            </param>
          </params>
          <reporter-output>
          </reporter-output>
        </test-method> <!-- runScenario -->
        <test-method is-config="true" signature="tearDownClass()[pri:0, instance:TestRunner.FinalRunner@e4487af]" started-at="2026-04-16T22:13:29 IST" name="tearDownClass" finished-at="2026-04-16T22:13:29 IST" duration-ms="1" status="PASS">
          <reporter-output>
          </reporter-output>
        </test-method> <!-- tearDownClass -->
      </class> <!-- TestRunner.FinalRunner -->
    </test> <!-- Default test -->
  </suite> <!-- Default suite -->
</testng-results>
