<?xml version="1.0" encoding="UTF-8"?>
<!-- Generated by org.testng.reporters.JUnitReportReporter -->
<testsuite hostname="LAPTOP-57KCRB7N" failures="0" tests="1" name="com.ixigo.testRunner.RunnerIO" time="0.177" errors="1" timestamp="2026-04-16T23:07:37 IST" skipped="0">
  <testcase classname="com.ixigo.testRunner.RunnerIO" name="runScenario" time="0.177">
    <error message="The step &#039;click the hotel module&#039; and 11 other step(s) are undefined.
You can implement these steps using the snippet(s) below:

@Given(&quot;click the hotel module&quot;)
public void click_the_hotel_module() {
    // Write code here that turns the phrase above into concrete actions
    throw new io.cucumber.java.PendingException();
}
@When(&quot;click the search destination field and enter the destination {string}&quot;)
public void click_the_search_destination_field_and_enter_the_destination(String string) {
    // Write code here that turns the phrase above into concrete actions
    throw new io.cucumber.java.PendingException();
}
@When(&quot;select check-in date after {int} days and check-out date after {int} days&quot;)
public void select_check_in_date_after_days_and_check_out_date_after_days(Integer int1, Integer int2) {
    // Write code here that turns the phrase above into concrete actions
    throw new io.cucumber.java.PendingException();
}
@When(&quot;select {string} and {string}&quot;)
public void select_and(String string, String string2) {
    // Write code here that turns the phrase above into concrete actions
    throw new io.cucumber.java.PendingException();
}
@When(&quot;click the search button&quot;)
public void click_the_search_button() {
    // Write code here that turns the phrase above into concrete actions
    throw new io.cucumber.java.PendingException();
}
@When(&quot;click the first hotel from the search results&quot;)
public void click_the_first_hotel_from_the_search_results() {
    // Write code here that turns the phrase above into concrete actions
    throw new io.cucumber.java.PendingException();
}
@When(&quot;verify hotel details like name, amenities, photos and rooms&quot;)
public void verify_hotel_details_like_name_amenities_photos_and_rooms() {
    // Write code here that turns the phrase above into concrete actions
    throw new io.cucumber.java.PendingException();
}
@When(&quot;select {string} and click on reserve rooms&quot;)
public void select_and_click_on_reserve_rooms(String string) {
    // Write code here that turns the phrase above into concrete actions
    throw new io.cucumber.java.PendingException();
}
@When(&quot;enter with valid credentials {string} and {string}&quot;)
public void enter_with_valid_credentials_and(String string, String string2) {
    // Write code here that turns the phrase above into concrete actions
    throw new io.cucumber.java.PendingException();
}
@Then(&quot;verify booking details page&quot;)
public void verify_booking_details_page() {
    // Write code here that turns the phrase above into concrete actions
    throw new io.cucumber.java.PendingException();
}
@Then(&quot;verify hotel name, room type, check-in and check-out dates&quot;)
public void verify_hotel_name_room_type_check_in_and_check_out_dates() {
    // Write code here that turns the phrase above into concrete actions
    throw new io.cucumber.java.PendingException();
}
@Then(&quot;verify total price details&quot;)
public void verify_total_price_details() {
    // Write code here that turns the phrase above into concrete actions
    throw new io.cucumber.java.PendingException();
}
" type="io.cucumber.testng.UndefinedStepException">
      <![CDATA[io.cucumber.testng.UndefinedStepException: The step 'click the hotel module' and 11 other step(s) are undefined.
You can implement these steps using the snippet(s) below:

@Given("click the hotel module")
public void click_the_hotel_module() {
    // Write code here that turns the phrase above into concrete actions
    throw new io.cucumber.java.PendingException();
}
@When("click the search destination field and enter the destination {string}")
public void click_the_search_destination_field_and_enter_the_destination(String string) {
    // Write code here that turns the phrase above into concrete actions
    throw new io.cucumber.java.PendingException();
}
@When("select check-in date after {int} days and check-out date after {int} days")
public void select_check_in_date_after_days_and_check_out_date_after_days(Integer int1, Integer int2) {
    // Write code here that turns the phrase above into concrete actions
    throw new io.cucumber.java.PendingException();
}
@When("select {string} and {string}")
public void select_and(String string, String string2) {
    // Write code here that turns the phrase above into concrete actions
    throw new io.cucumber.java.PendingException();
}
@When("click the search button")
public void click_the_search_button() {
    // Write code here that turns the phrase above into concrete actions
    throw new io.cucumber.java.PendingException();
}
@When("click the first hotel from the search results")
public void click_the_first_hotel_from_the_search_results() {
    // Write code here that turns the phrase above into concrete actions
    throw new io.cucumber.java.PendingException();
}
@When("verify hotel details like name, amenities, photos and rooms")
public void verify_hotel_details_like_name_amenities_photos_and_rooms() {
    // Write code here that turns the phrase above into concrete actions
    throw new io.cucumber.java.PendingException();
}
@When("select {string} and click on reserve rooms")
public void select_and_click_on_reserve_rooms(String string) {
    // Write code here that turns the phrase above into concrete actions
    throw new io.cucumber.java.PendingException();
}
@When("enter with valid credentials {string} and {string}")
public void enter_with_valid_credentials_and(String string, String string2) {
    // Write code here that turns the phrase above into concrete actions
    throw new io.cucumber.java.PendingException();
}
@Then("verify booking details page")
public void verify_booking_details_page() {
    // Write code here that turns the phrase above into concrete actions
    throw new io.cucumber.java.PendingException();
}
@Then("verify hotel name, room type, check-in and check-out dates")
public void verify_hotel_name_room_type_check_in_and_check_out_dates() {
    // Write code here that turns the phrase above into concrete actions
    throw new io.cucumber.java.PendingException();
}
@Then("verify total price details")
public void verify_total_price_details() {
    // Write code here that turns the phrase above into concrete actions
    throw new io.cucumber.java.PendingException();
}

at ✽.click the hotel module(file:///C:/Selenium_cg/SeleniumIxigo/./src/test/java/com/ixigo/featureFile/HotelBooking.feature:5)
]]>
    </error>
  </testcase> <!-- runScenario -->
</testsuite> <!-- com.ixigo.testRunner.RunnerIO -->
